<?xml version="1.0" encoding="UTF-8"?>
<!-- Generated by org.testng.reporters.JUnitXMLReporter -->
<testsuite ignored="1" hostname="Bhakti" failures="0" tests="1" name="Default test" time="5.949" errors="0" timestamp="2025-04-21T10:54:33 IST">
  <testcase classname="Assignmnet1Login.LoginWithValidScnario" name="loinWithValidScnario" time="2.688"/>
  <testcase classname="Assignmnet1Login.LoginWithValidScnario" name="logout" time="0.0">
    <ignored/>
  </testcase> <!-- logout -->
</testsuite> <!-- Default test -->
