<?xml version="1.0" encoding="UTF-8"?>
<!-- Generated by org.testng.reporters.JUnitXMLReporter -->
<testsuite ignored="0" hostname="DESKTOP-NJMT4DO" failures="0" tests="4" name="Test" time="38.031" errors="0" timestamp="2025-03-23T21:53:57 IST">
  <testcase classname="Helper.LoginWithValidScnario" name="loinWithValidScnario" time="3.377"/>
  <testcase classname="Helper.LoginWithValidScnario" name="logout" time="2.424"/>
  <testcase classname="Helper.NewUserRegister" name="registerNewUser" time="4.407"/>
  <testcase classname="Helper.NewUserRegister" name="LoginWithNewUser" time="7.285"/>
</testsuite> <!-- Test -->
