<?xml version="1.0" encoding="UTF-8"?>
<testng-results ignored="1" total="2" passed="1" failed="0" skipped="0">
  <reporter-output>
  </reporter-output>
  <suite started-at="2025-04-21T10:54:27 IST" name="Default suite" finished-at="2025-04-21T10:54:33 IST" duration-ms="5949">
    <groups>
    </groups>
    <test started-at="2025-04-21T10:54:27 IST" name="Default test" finished-at="2025-04-21T10:54:33 IST" duration-ms="5949">
      <class name="Assignmnet1Login.LoginWithValidScnario">
        <test-method is-config="true" signature="setup()[pri:0, instance:Assignmnet1Login.LoginWithValidScnario@385c9627]" started-at="2025-04-21T10:54:27 IST" name="setup" finished-at="2025-04-21T10:54:30 IST" duration-ms="3055" status="PASS">
          <reporter-output>
          </reporter-output>
        </test-method> <!-- setup -->
        <test-method signature="loinWithValidScnario()[pri:1, instance:Assignmnet1Login.LoginWithValidScnario@385c9627]" started-at="2025-04-21T10:54:30 IST" name="loinWithValidScnario" finished-at="2025-04-21T10:54:33 IST" duration-ms="2688" status="PASS">
          <reporter-output>
          </reporter-output>
        </test-method> <!-- loinWithValidScnario -->
        <test-method is-config="true" signature="TearDown()[pri:0, instance:Assignmnet1Login.LoginWithValidScnario@385c9627]" started-at="2025-04-21T10:54:33 IST" name="TearDown" finished-at="2025-04-21T10:54:33 IST" duration-ms="170" status="PASS">
          <reporter-output>
          </reporter-output>
        </test-method> <!-- TearDown -->
      </class> <!-- Assignmnet1Login.LoginWithValidScnario -->
    </test> <!-- Default test -->
  </suite> <!-- Default suite -->
</testng-results>
